mode: set
project-airbnb/repository/rooms/rooms.go:13.49,15.2 1 1
project-airbnb/repository/rooms/rooms.go:17.70,19.76 2 1
project-airbnb/repository/rooms/rooms.go:22.2,22.19 1 1
project-airbnb/repository/rooms/rooms.go:19.76,21.3 1 1
project-airbnb/repository/rooms/rooms.go:24.80,26.93 2 1
project-airbnb/repository/rooms/rooms.go:29.2,29.18 1 1
project-airbnb/repository/rooms/rooms.go:26.93,28.3 1 1
project-airbnb/repository/rooms/rooms.go:32.69,34.100 2 1
project-airbnb/repository/rooms/rooms.go:38.2,38.19 1 1
project-airbnb/repository/rooms/rooms.go:34.100,37.3 1 1
project-airbnb/repository/rooms/rooms.go:40.79,42.122 2 1
project-airbnb/repository/rooms/rooms.go:46.2,46.18 1 1
project-airbnb/repository/rooms/rooms.go:42.122,45.3 1 1
project-airbnb/repository/rooms/rooms.go:48.81,51.2 2 1
project-airbnb/repository/rooms/rooms.go:53.94,58.2 4 1
project-airbnb/repository/rooms/rooms.go:60.83,65.2 3 1
