mode: set
project-airbnb/delivery/controllers/books/books.go:19.71,21.2 1 1
project-airbnb/delivery/controllers/books/books.go:23.53,24.36 1 1
project-airbnb/delivery/controllers/books/books.go:24.36,30.46 5 1
project-airbnb/delivery/controllers/books/books.go:33.3,33.96 1 1
project-airbnb/delivery/controllers/books/books.go:30.46,32.4 1 1
project-airbnb/delivery/controllers/books/books.go:33.96,35.4 1 1
project-airbnb/delivery/controllers/books/books.go:35.9,42.4 2 1
project-airbnb/delivery/controllers/books/books.go:46.54,47.36 1 1
project-airbnb/delivery/controllers/books/books.go:47.36,52.77 4 1
project-airbnb/delivery/controllers/books/books.go:52.77,54.4 1 1
project-airbnb/delivery/controllers/books/books.go:54.9,61.4 2 1
project-airbnb/delivery/controllers/books/books.go:65.56,66.36 1 1
project-airbnb/delivery/controllers/books/books.go:66.36,72.45 5 1
project-airbnb/delivery/controllers/books/books.go:75.3,78.120 3 1
project-airbnb/delivery/controllers/books/books.go:72.45,74.4 1 1
project-airbnb/delivery/controllers/books/books.go:78.120,80.4 1 1
project-airbnb/delivery/controllers/books/books.go:80.9,93.73 3 1
project-airbnb/delivery/controllers/books/books.go:96.4,96.43 1 1
project-airbnb/delivery/controllers/books/books.go:93.73,95.5 1 1
project-airbnb/delivery/controllers/rooms/rooms.go:18.68,20.2 1 1
project-airbnb/delivery/controllers/rooms/rooms.go:22.54,23.36 1 1
project-airbnb/delivery/controllers/rooms/rooms.go:23.36,28.17 5 1
project-airbnb/delivery/controllers/rooms/rooms.go:31.3,33.30 2 1
project-airbnb/delivery/controllers/rooms/rooms.go:46.3,51.41 2 1
project-airbnb/delivery/controllers/rooms/rooms.go:28.17,30.4 1 1
project-airbnb/delivery/controllers/rooms/rooms.go:33.30,45.4 1 1
project-airbnb/delivery/controllers/rooms/rooms.go:55.53,56.36 1 1
project-airbnb/delivery/controllers/rooms/rooms.go:56.36,61.17 5 1
project-airbnb/delivery/controllers/rooms/rooms.go:64.3,66.30 2 1
project-airbnb/delivery/controllers/rooms/rooms.go:79.3,84.41 2 1
project-airbnb/delivery/controllers/rooms/rooms.go:61.17,63.4 1 1
project-airbnb/delivery/controllers/rooms/rooms.go:66.30,78.4 1 1
project-airbnb/delivery/controllers/rooms/rooms.go:88.56,89.36 1 1
project-airbnb/delivery/controllers/rooms/rooms.go:89.36,96.45 5 1
project-airbnb/delivery/controllers/rooms/rooms.go:100.3,109.32 3 1
project-airbnb/delivery/controllers/rooms/rooms.go:112.3,126.41 3 1
project-airbnb/delivery/controllers/rooms/rooms.go:96.45,98.4 1 1
project-airbnb/delivery/controllers/rooms/rooms.go:109.32,111.4 1 1
project-airbnb/delivery/controllers/rooms/rooms.go:130.56,131.36 1 1
project-airbnb/delivery/controllers/rooms/rooms.go:131.36,133.17 2 1
project-airbnb/delivery/controllers/rooms/rooms.go:136.3,142.45 5 1
project-airbnb/delivery/controllers/rooms/rooms.go:146.3,155.32 3 1
project-airbnb/delivery/controllers/rooms/rooms.go:158.3,172.41 3 1
project-airbnb/delivery/controllers/rooms/rooms.go:133.17,135.4 1 1
project-airbnb/delivery/controllers/rooms/rooms.go:142.45,144.4 1 1
project-airbnb/delivery/controllers/rooms/rooms.go:155.32,157.4 1 1
project-airbnb/delivery/controllers/rooms/rooms.go:176.56,177.36 1 1
project-airbnb/delivery/controllers/rooms/rooms.go:177.36,179.17 2 1
project-airbnb/delivery/controllers/rooms/rooms.go:182.3,186.32 5 1
project-airbnb/delivery/controllers/rooms/rooms.go:189.3,203.41 3 1
project-airbnb/delivery/controllers/rooms/rooms.go:179.17,181.4 1 1
project-airbnb/delivery/controllers/rooms/rooms.go:186.32,188.4 1 1
project-airbnb/delivery/controllers/transactions/transactions.go:18.99,20.2 1 1
project-airbnb/delivery/controllers/transactions/transactions.go:22.61,23.36 1 1
project-airbnb/delivery/controllers/transactions/transactions.go:23.36,28.77 4 1
project-airbnb/delivery/controllers/transactions/transactions.go:28.77,30.4 1 1
project-airbnb/delivery/controllers/transactions/transactions.go:30.9,36.4 1 1
project-airbnb/delivery/controllers/transactions/transactions.go:39.60,40.36 1 1
project-airbnb/delivery/controllers/transactions/transactions.go:40.36,45.76 4 1
project-airbnb/delivery/controllers/transactions/transactions.go:45.76,47.4 1 1
project-airbnb/delivery/controllers/transactions/transactions.go:47.9,53.4 1 1
project-airbnb/delivery/controllers/transactions/transactions.go:58.63,59.36 1 1
project-airbnb/delivery/controllers/transactions/transactions.go:59.36,62.45 2 1
project-airbnb/delivery/controllers/transactions/transactions.go:66.3,66.104 1 1
project-airbnb/delivery/controllers/transactions/transactions.go:62.45,64.4 1 1
project-airbnb/delivery/controllers/transactions/transactions.go:66.104,68.4 1 1
project-airbnb/delivery/controllers/transactions/transactions.go:68.9,75.4 2 1
project-airbnb/delivery/controllers/transactions/transactions.go:79.71,80.36 1 1
project-airbnb/delivery/controllers/transactions/transactions.go:80.36,83.54 2 1
project-airbnb/delivery/controllers/transactions/transactions.go:86.3,87.157 2 1
project-airbnb/delivery/controllers/transactions/transactions.go:83.54,85.4 1 0
project-airbnb/delivery/controllers/transactions/transactions.go:87.157,89.4 1 0
project-airbnb/delivery/controllers/transactions/transactions.go:89.9,91.4 1 1
project-airbnb/delivery/controllers/users/users.go:20.71,22.2 1 1
project-airbnb/delivery/controllers/users/users.go:23.63,24.36 1 1
project-airbnb/delivery/controllers/users/users.go:24.36,26.46 2 1
project-airbnb/delivery/controllers/users/users.go:30.3,33.44 4 1
project-airbnb/delivery/controllers/users/users.go:37.3,43.5 2 1
project-airbnb/delivery/controllers/users/users.go:26.46,28.4 1 1
project-airbnb/delivery/controllers/users/users.go:33.44,35.4 1 1
project-airbnb/delivery/controllers/users/users.go:47.66,49.36 1 1
project-airbnb/delivery/controllers/users/users.go:49.36,51.45 2 1
project-airbnb/delivery/controllers/users/users.go:55.3,63.17 5 1
project-airbnb/delivery/controllers/users/users.go:66.3,77.41 3 1
project-airbnb/delivery/controllers/users/users.go:51.45,53.4 1 1
project-airbnb/delivery/controllers/users/users.go:63.17,65.4 1 1
project-airbnb/delivery/controllers/users/users.go:80.65,81.36 1 1
project-airbnb/delivery/controllers/users/users.go:81.36,86.17 5 1
project-airbnb/delivery/controllers/users/users.go:89.3,100.41 3 1
project-airbnb/delivery/controllers/users/users.go:86.17,88.4 1 1
project-airbnb/delivery/controllers/users/users.go:103.62,105.36 1 1
project-airbnb/delivery/controllers/users/users.go:105.36,106.50 1 1
project-airbnb/delivery/controllers/users/users.go:106.50,108.4 1 1
project-airbnb/delivery/controllers/users/users.go:108.9,110.31 2 1
project-airbnb/delivery/controllers/users/users.go:119.4,124.42 2 1
project-airbnb/delivery/controllers/users/users.go:110.31,118.5 1 1
project-airbnb/delivery/controllers/users/users.go:129.64,131.36 1 1
project-airbnb/delivery/controllers/users/users.go:131.36,136.17 5 1
project-airbnb/delivery/controllers/users/users.go:139.3,150.41 3 1
project-airbnb/delivery/controllers/users/users.go:136.17,138.4 1 1
project-airbnb/delivery/controllers/users/users.go:153.64,155.36 1 1
project-airbnb/delivery/controllers/users/users.go:155.36,160.48 5 1
project-airbnb/delivery/controllers/users/users.go:164.3,170.35 4 1
project-airbnb/delivery/controllers/users/users.go:173.3,174.17 2 1
project-airbnb/delivery/controllers/users/users.go:177.3,188.41 3 1
project-airbnb/delivery/controllers/users/users.go:160.48,162.4 1 1
project-airbnb/delivery/controllers/users/users.go:170.35,172.4 1 1
project-airbnb/delivery/controllers/users/users.go:174.17,176.4 1 1
project-airbnb/delivery/controllers/users/users.go:191.47,198.2 6 1
project-airbnb/repository/users/users.go:13.48,15.2 1 1
project-airbnb/repository/users/users.go:17.59,20.49 2 1
project-airbnb/repository/users/users.go:23.2,23.19 1 1
project-airbnb/repository/users/users.go:20.49,22.3 1 1
project-airbnb/repository/users/users.go:25.84,28.100 2 1
project-airbnb/repository/users/users.go:32.2,32.18 1 1
project-airbnb/repository/users/users.go:28.100,30.3 1 1
project-airbnb/repository/users/users.go:34.82,37.16 2 1
project-airbnb/repository/users/users.go:40.2,40.21 1 1
project-airbnb/repository/users/users.go:37.16,39.3 1 1
project-airbnb/repository/users/users.go:42.69,44.65 2 1
project-airbnb/repository/users/users.go:47.2,49.18 2 1
project-airbnb/repository/users/users.go:44.65,46.3 1 1
project-airbnb/repository/users/users.go:51.92,53.65 2 1
project-airbnb/repository/users/users.go:57.2,59.18 2 1
project-airbnb/repository/users/users.go:53.65,55.3 1 1
project-airbnb/repository/users/users.go:61.66,63.57 2 1
project-airbnb/repository/users/users.go:66.2,66.18 1 1
project-airbnb/repository/users/users.go:63.57,65.3 1 1
project-airbnb/repository/rooms/rooms.go:13.49,15.2 1 1
project-airbnb/repository/rooms/rooms.go:17.70,19.76 2 1
project-airbnb/repository/rooms/rooms.go:22.2,22.19 1 1
project-airbnb/repository/rooms/rooms.go:19.76,21.3 1 1
project-airbnb/repository/rooms/rooms.go:24.69,26.74 2 1
project-airbnb/repository/rooms/rooms.go:30.2,30.19 1 1
project-airbnb/repository/rooms/rooms.go:26.74,29.3 1 1
project-airbnb/repository/rooms/rooms.go:33.81,36.2 2 1
project-airbnb/repository/rooms/rooms.go:38.94,43.2 4 1
project-airbnb/repository/rooms/rooms.go:45.83,50.2 3 1
project-airbnb/repository/books/books.go:17.49,19.2 1 1
project-airbnb/repository/books/books.go:21.71,25.2 3 1
project-airbnb/repository/books/books.go:27.78,32.2 3 1
project-airbnb/repository/books/books.go:34.84,37.2 2 1
project-airbnb/repository/books/books.go:39.116,60.2 10 1
project-airbnb/repository/books/books.go:62.69,76.2 11 1
project-airbnb/repository/transactions/transactions.go:15.63,17.2 1 1
project-airbnb/repository/transactions/transactions.go:19.85,25.2 5 1
project-airbnb/repository/transactions/transactions.go:27.84,33.2 5 1
project-airbnb/repository/transactions/transactions.go:35.98,40.28 4 1
project-airbnb/repository/transactions/transactions.go:72.2,72.31 1 1
project-airbnb/repository/transactions/transactions.go:40.28,46.3 3 1
project-airbnb/repository/transactions/transactions.go:46.8,70.3 15 1
