mode: set
project-airbnb/delivery/controllers/books/books.go:19.71,21.2 1 1
project-airbnb/delivery/controllers/books/books.go:23.53,24.36 1 1
project-airbnb/delivery/controllers/books/books.go:24.36,30.46 5 1
project-airbnb/delivery/controllers/books/books.go:33.3,33.96 1 1
project-airbnb/delivery/controllers/books/books.go:30.46,32.4 1 1
project-airbnb/delivery/controllers/books/books.go:33.96,35.4 1 1
project-airbnb/delivery/controllers/books/books.go:35.9,42.4 2 1
project-airbnb/delivery/controllers/books/books.go:46.54,47.36 1 1
project-airbnb/delivery/controllers/books/books.go:47.36,52.77 4 1
project-airbnb/delivery/controllers/books/books.go:52.77,54.4 1 1
project-airbnb/delivery/controllers/books/books.go:54.9,61.4 2 1
project-airbnb/delivery/controllers/books/books.go:65.56,66.36 1 1
project-airbnb/delivery/controllers/books/books.go:66.36,72.45 5 1
project-airbnb/delivery/controllers/books/books.go:75.3,78.120 3 1
project-airbnb/delivery/controllers/books/books.go:72.45,74.4 1 1
project-airbnb/delivery/controllers/books/books.go:78.120,80.4 1 1
project-airbnb/delivery/controllers/books/books.go:80.9,93.73 3 1
project-airbnb/delivery/controllers/books/books.go:96.4,96.43 1 1
project-airbnb/delivery/controllers/books/books.go:93.73,95.5 1 1
project-airbnb/delivery/controllers/transactions/transactions.go:18.99,20.2 1 1
project-airbnb/delivery/controllers/transactions/transactions.go:22.61,23.36 1 1
project-airbnb/delivery/controllers/transactions/transactions.go:23.36,28.77 4 1
project-airbnb/delivery/controllers/transactions/transactions.go:28.77,30.4 1 1
project-airbnb/delivery/controllers/transactions/transactions.go:30.9,36.4 1 1
project-airbnb/delivery/controllers/transactions/transactions.go:39.60,40.36 1 1
project-airbnb/delivery/controllers/transactions/transactions.go:40.36,45.76 4 1
project-airbnb/delivery/controllers/transactions/transactions.go:45.76,47.4 1 1
project-airbnb/delivery/controllers/transactions/transactions.go:47.9,53.4 1 1
project-airbnb/delivery/controllers/transactions/transactions.go:58.63,59.36 1 1
project-airbnb/delivery/controllers/transactions/transactions.go:59.36,62.45 2 1
project-airbnb/delivery/controllers/transactions/transactions.go:66.3,66.104 1 1
project-airbnb/delivery/controllers/transactions/transactions.go:62.45,64.4 1 1
project-airbnb/delivery/controllers/transactions/transactions.go:66.104,68.4 1 1
project-airbnb/delivery/controllers/transactions/transactions.go:68.9,75.4 2 1
project-airbnb/delivery/controllers/transactions/transactions.go:79.71,80.36 1 1
project-airbnb/delivery/controllers/transactions/transactions.go:80.36,83.54 2 1
project-airbnb/delivery/controllers/transactions/transactions.go:86.3,87.157 2 1
project-airbnb/delivery/controllers/transactions/transactions.go:83.54,85.4 1 0
project-airbnb/delivery/controllers/transactions/transactions.go:87.157,89.4 1 0
project-airbnb/delivery/controllers/transactions/transactions.go:89.9,91.4 1 1
project-airbnb/delivery/controllers/rooms/rooms.go:18.68,20.2 1 1
project-airbnb/delivery/controllers/rooms/rooms.go:22.54,23.36 1 1
project-airbnb/delivery/controllers/rooms/rooms.go:23.36,28.17 5 1
project-airbnb/delivery/controllers/rooms/rooms.go:31.3,33.30 2 1
project-airbnb/delivery/controllers/rooms/rooms.go:47.3,52.41 2 1
project-airbnb/delivery/controllers/rooms/rooms.go:28.17,30.4 1 1
project-airbnb/delivery/controllers/rooms/rooms.go:33.30,46.4 1 1
project-airbnb/delivery/controllers/rooms/rooms.go:56.58,57.36 1 1
project-airbnb/delivery/controllers/rooms/rooms.go:57.36,59.17 2 1
project-airbnb/delivery/controllers/rooms/rooms.go:62.3,66.17 5 1
project-airbnb/delivery/controllers/rooms/rooms.go:69.3,86.41 3 1
project-airbnb/delivery/controllers/rooms/rooms.go:59.17,61.4 1 1
project-airbnb/delivery/controllers/rooms/rooms.go:66.17,68.4 1 1
project-airbnb/delivery/controllers/rooms/rooms.go:90.53,91.36 1 1
project-airbnb/delivery/controllers/rooms/rooms.go:91.36,96.17 5 1
project-airbnb/delivery/controllers/rooms/rooms.go:99.3,101.30 2 1
project-airbnb/delivery/controllers/rooms/rooms.go:115.3,120.41 2 1
project-airbnb/delivery/controllers/rooms/rooms.go:96.17,98.4 1 1
project-airbnb/delivery/controllers/rooms/rooms.go:101.30,114.4 1 1
project-airbnb/delivery/controllers/rooms/rooms.go:124.57,125.36 1 1
project-airbnb/delivery/controllers/rooms/rooms.go:125.36,127.17 2 1
project-airbnb/delivery/controllers/rooms/rooms.go:130.3,134.17 5 1
project-airbnb/delivery/controllers/rooms/rooms.go:137.3,154.41 3 1
project-airbnb/delivery/controllers/rooms/rooms.go:127.17,129.4 1 1
project-airbnb/delivery/controllers/rooms/rooms.go:134.17,136.4 1 1
project-airbnb/delivery/controllers/rooms/rooms.go:158.56,159.36 1 1
project-airbnb/delivery/controllers/rooms/rooms.go:159.36,166.45 5 1
project-airbnb/delivery/controllers/rooms/rooms.go:170.3,181.32 3 1
project-airbnb/delivery/controllers/rooms/rooms.go:184.3,199.41 3 1
project-airbnb/delivery/controllers/rooms/rooms.go:166.45,168.4 1 1
project-airbnb/delivery/controllers/rooms/rooms.go:181.32,183.4 1 1
project-airbnb/delivery/controllers/rooms/rooms.go:203.56,204.36 1 1
project-airbnb/delivery/controllers/rooms/rooms.go:204.36,206.17 2 1
project-airbnb/delivery/controllers/rooms/rooms.go:209.3,215.45 5 1
project-airbnb/delivery/controllers/rooms/rooms.go:219.3,230.32 3 1
project-airbnb/delivery/controllers/rooms/rooms.go:233.3,249.41 3 1
project-airbnb/delivery/controllers/rooms/rooms.go:206.17,208.4 1 1
project-airbnb/delivery/controllers/rooms/rooms.go:215.45,217.4 1 1
project-airbnb/delivery/controllers/rooms/rooms.go:230.32,232.4 1 1
project-airbnb/delivery/controllers/rooms/rooms.go:253.56,254.36 1 1
project-airbnb/delivery/controllers/rooms/rooms.go:254.36,256.17 2 1
project-airbnb/delivery/controllers/rooms/rooms.go:259.3,263.32 5 1
project-airbnb/delivery/controllers/rooms/rooms.go:267.3,267.69 1 1
project-airbnb/delivery/controllers/rooms/rooms.go:256.17,258.4 1 1
project-airbnb/delivery/controllers/rooms/rooms.go:263.32,265.4 1 1
project-airbnb/delivery/controllers/users/users.go:20.71,22.2 1 1
project-airbnb/delivery/controllers/users/users.go:23.63,24.36 1 1
project-airbnb/delivery/controllers/users/users.go:24.36,26.46 2 1
project-airbnb/delivery/controllers/users/users.go:30.3,33.44 4 1
project-airbnb/delivery/controllers/users/users.go:37.3,43.5 2 1
project-airbnb/delivery/controllers/users/users.go:26.46,28.4 1 1
project-airbnb/delivery/controllers/users/users.go:33.44,35.4 1 1
project-airbnb/delivery/controllers/users/users.go:47.66,49.36 1 1
project-airbnb/delivery/controllers/users/users.go:49.36,51.45 2 1
project-airbnb/delivery/controllers/users/users.go:55.3,63.17 5 1
project-airbnb/delivery/controllers/users/users.go:66.3,77.41 3 1
project-airbnb/delivery/controllers/users/users.go:51.45,53.4 1 1
project-airbnb/delivery/controllers/users/users.go:63.17,65.4 1 1
project-airbnb/delivery/controllers/users/users.go:80.65,81.36 1 1
project-airbnb/delivery/controllers/users/users.go:81.36,86.17 5 1
project-airbnb/delivery/controllers/users/users.go:89.3,100.41 3 1
project-airbnb/delivery/controllers/users/users.go:86.17,88.4 1 1
project-airbnb/delivery/controllers/users/users.go:103.62,105.36 1 1
project-airbnb/delivery/controllers/users/users.go:105.36,106.50 1 1
project-airbnb/delivery/controllers/users/users.go:106.50,108.4 1 1
project-airbnb/delivery/controllers/users/users.go:108.9,110.31 2 1
project-airbnb/delivery/controllers/users/users.go:119.4,124.42 2 1
project-airbnb/delivery/controllers/users/users.go:110.31,118.5 1 1
project-airbnb/delivery/controllers/users/users.go:129.64,131.36 1 1
project-airbnb/delivery/controllers/users/users.go:131.36,136.17 5 1
project-airbnb/delivery/controllers/users/users.go:139.3,150.41 3 1
project-airbnb/delivery/controllers/users/users.go:136.17,138.4 1 1
project-airbnb/delivery/controllers/users/users.go:153.64,155.36 1 1
project-airbnb/delivery/controllers/users/users.go:155.36,160.48 5 1
project-airbnb/delivery/controllers/users/users.go:164.3,170.35 4 1
project-airbnb/delivery/controllers/users/users.go:173.3,174.17 2 1
project-airbnb/delivery/controllers/users/users.go:177.3,188.41 3 1
project-airbnb/delivery/controllers/users/users.go:160.48,162.4 1 1
project-airbnb/delivery/controllers/users/users.go:170.35,172.4 1 1
project-airbnb/delivery/controllers/users/users.go:174.17,176.4 1 1
project-airbnb/delivery/controllers/users/users.go:191.47,198.2 6 1
project-airbnb/repository/users/users.go:13.48,15.2 1 1
project-airbnb/repository/users/users.go:17.59,20.49 2 1
project-airbnb/repository/users/users.go:23.2,23.19 1 1
project-airbnb/repository/users/users.go:20.49,22.3 1 1
project-airbnb/repository/users/users.go:25.84,28.100 2 1
project-airbnb/repository/users/users.go:32.2,32.18 1 1
project-airbnb/repository/users/users.go:28.100,30.3 1 1
project-airbnb/repository/users/users.go:34.82,37.16 2 1
project-airbnb/repository/users/users.go:40.2,40.21 1 1
project-airbnb/repository/users/users.go:37.16,39.3 1 1
project-airbnb/repository/users/users.go:42.69,44.65 2 1
project-airbnb/repository/users/users.go:47.2,49.18 2 1
project-airbnb/repository/users/users.go:44.65,46.3 1 1
project-airbnb/repository/users/users.go:51.92,53.65 2 1
project-airbnb/repository/users/users.go:57.2,59.18 2 1
project-airbnb/repository/users/users.go:53.65,55.3 1 1
project-airbnb/repository/users/users.go:61.66,63.57 2 1
project-airbnb/repository/users/users.go:66.2,66.18 1 1
project-airbnb/repository/users/users.go:63.57,65.3 1 1
project-airbnb/repository/transactions/transactions.go:15.63,17.2 1 1
project-airbnb/repository/transactions/transactions.go:19.85,25.2 5 1
project-airbnb/repository/transactions/transactions.go:27.84,33.2 5 1
project-airbnb/repository/transactions/transactions.go:35.98,40.28 4 1
project-airbnb/repository/transactions/transactions.go:70.2,70.31 1 1
project-airbnb/repository/transactions/transactions.go:40.28,46.3 3 1
project-airbnb/repository/transactions/transactions.go:46.8,68.3 13 1
project-airbnb/repository/books/books.go:17.49,19.2 1 1
project-airbnb/repository/books/books.go:21.71,25.2 3 1
project-airbnb/repository/books/books.go:27.78,32.2 3 1
project-airbnb/repository/books/books.go:34.84,37.2 2 1
project-airbnb/repository/books/books.go:39.116,60.2 10 1
project-airbnb/repository/books/books.go:62.69,76.2 11 1
project-airbnb/repository/rooms/rooms.go:13.49,15.2 1 1
project-airbnb/repository/rooms/rooms.go:17.70,19.76 2 1
project-airbnb/repository/rooms/rooms.go:22.2,22.19 1 1
project-airbnb/repository/rooms/rooms.go:19.76,21.3 1 1
project-airbnb/repository/rooms/rooms.go:24.80,26.93 2 1
project-airbnb/repository/rooms/rooms.go:29.2,29.18 1 1
project-airbnb/repository/rooms/rooms.go:26.93,28.3 1 1
project-airbnb/repository/rooms/rooms.go:32.69,34.100 2 1
project-airbnb/repository/rooms/rooms.go:38.2,38.19 1 1
project-airbnb/repository/rooms/rooms.go:34.100,37.3 1 1
project-airbnb/repository/rooms/rooms.go:40.79,42.122 2 1
project-airbnb/repository/rooms/rooms.go:46.2,46.18 1 1
project-airbnb/repository/rooms/rooms.go:42.122,45.3 1 1
project-airbnb/repository/rooms/rooms.go:48.81,51.2 2 1
project-airbnb/repository/rooms/rooms.go:53.94,58.2 4 1
project-airbnb/repository/rooms/rooms.go:60.83,65.2 3 1
