mode: set
project-airbnb/delivery/controllers/rooms/rooms.go:18.68,20.2 1 1
project-airbnb/delivery/controllers/rooms/rooms.go:22.54,23.36 1 1
project-airbnb/delivery/controllers/rooms/rooms.go:23.36,28.17 5 1
project-airbnb/delivery/controllers/rooms/rooms.go:31.3,33.30 2 1
project-airbnb/delivery/controllers/rooms/rooms.go:47.3,52.41 2 1
project-airbnb/delivery/controllers/rooms/rooms.go:28.17,30.4 1 1
project-airbnb/delivery/controllers/rooms/rooms.go:33.30,46.4 1 1
project-airbnb/delivery/controllers/rooms/rooms.go:56.58,57.36 1 1
project-airbnb/delivery/controllers/rooms/rooms.go:57.36,59.17 2 1
project-airbnb/delivery/controllers/rooms/rooms.go:62.3,66.17 5 1
project-airbnb/delivery/controllers/rooms/rooms.go:69.3,86.41 3 1
project-airbnb/delivery/controllers/rooms/rooms.go:59.17,61.4 1 1
project-airbnb/delivery/controllers/rooms/rooms.go:66.17,68.4 1 1
project-airbnb/delivery/controllers/rooms/rooms.go:90.53,91.36 1 1
project-airbnb/delivery/controllers/rooms/rooms.go:91.36,96.17 5 1
project-airbnb/delivery/controllers/rooms/rooms.go:99.3,101.30 2 1
project-airbnb/delivery/controllers/rooms/rooms.go:115.3,120.41 2 1
project-airbnb/delivery/controllers/rooms/rooms.go:96.17,98.4 1 1
project-airbnb/delivery/controllers/rooms/rooms.go:101.30,114.4 1 1
project-airbnb/delivery/controllers/rooms/rooms.go:124.57,125.36 1 1
project-airbnb/delivery/controllers/rooms/rooms.go:125.36,127.17 2 1
project-airbnb/delivery/controllers/rooms/rooms.go:130.3,134.17 5 1
project-airbnb/delivery/controllers/rooms/rooms.go:137.3,154.41 3 1
project-airbnb/delivery/controllers/rooms/rooms.go:127.17,129.4 1 1
project-airbnb/delivery/controllers/rooms/rooms.go:134.17,136.4 1 1
project-airbnb/delivery/controllers/rooms/rooms.go:158.56,159.36 1 1
project-airbnb/delivery/controllers/rooms/rooms.go:159.36,166.45 5 1
project-airbnb/delivery/controllers/rooms/rooms.go:170.3,181.32 3 1
project-airbnb/delivery/controllers/rooms/rooms.go:184.3,199.41 3 1
project-airbnb/delivery/controllers/rooms/rooms.go:166.45,168.4 1 1
project-airbnb/delivery/controllers/rooms/rooms.go:181.32,183.4 1 1
project-airbnb/delivery/controllers/rooms/rooms.go:203.56,204.36 1 1
project-airbnb/delivery/controllers/rooms/rooms.go:204.36,206.17 2 1
project-airbnb/delivery/controllers/rooms/rooms.go:209.3,215.45 5 1
project-airbnb/delivery/controllers/rooms/rooms.go:219.3,230.32 3 1
project-airbnb/delivery/controllers/rooms/rooms.go:233.3,249.41 3 1
project-airbnb/delivery/controllers/rooms/rooms.go:206.17,208.4 1 1
project-airbnb/delivery/controllers/rooms/rooms.go:215.45,217.4 1 1
project-airbnb/delivery/controllers/rooms/rooms.go:230.32,232.4 1 1
project-airbnb/delivery/controllers/rooms/rooms.go:253.56,254.36 1 1
project-airbnb/delivery/controllers/rooms/rooms.go:254.36,256.17 2 1
project-airbnb/delivery/controllers/rooms/rooms.go:259.3,263.32 5 1
project-airbnb/delivery/controllers/rooms/rooms.go:267.3,267.69 1 1
project-airbnb/delivery/controllers/rooms/rooms.go:256.17,258.4 1 1
project-airbnb/delivery/controllers/rooms/rooms.go:263.32,265.4 1 1
