mode: set
project-airbnb/delivery/controllers/rooms/rooms.go:18.68,20.2 1 1
project-airbnb/delivery/controllers/rooms/rooms.go:22.54,23.36 1 1
project-airbnb/delivery/controllers/rooms/rooms.go:23.36,28.17 5 1
project-airbnb/delivery/controllers/rooms/rooms.go:31.3,33.30 2 1
project-airbnb/delivery/controllers/rooms/rooms.go:46.3,51.41 2 1
project-airbnb/delivery/controllers/rooms/rooms.go:28.17,30.4 1 1
project-airbnb/delivery/controllers/rooms/rooms.go:33.30,45.4 1 1
project-airbnb/delivery/controllers/rooms/rooms.go:55.53,56.36 1 1
project-airbnb/delivery/controllers/rooms/rooms.go:56.36,61.17 5 1
project-airbnb/delivery/controllers/rooms/rooms.go:64.3,66.30 2 1
project-airbnb/delivery/controllers/rooms/rooms.go:79.3,84.41 2 1
project-airbnb/delivery/controllers/rooms/rooms.go:61.17,63.4 1 1
project-airbnb/delivery/controllers/rooms/rooms.go:66.30,78.4 1 1
project-airbnb/delivery/controllers/rooms/rooms.go:88.56,89.36 1 1
project-airbnb/delivery/controllers/rooms/rooms.go:89.36,96.45 5 1
project-airbnb/delivery/controllers/rooms/rooms.go:100.3,109.32 3 1
project-airbnb/delivery/controllers/rooms/rooms.go:112.3,126.41 3 1
project-airbnb/delivery/controllers/rooms/rooms.go:96.45,98.4 1 1
project-airbnb/delivery/controllers/rooms/rooms.go:109.32,111.4 1 1
project-airbnb/delivery/controllers/rooms/rooms.go:130.56,131.36 1 1
project-airbnb/delivery/controllers/rooms/rooms.go:131.36,133.17 2 1
project-airbnb/delivery/controllers/rooms/rooms.go:136.3,142.45 5 1
project-airbnb/delivery/controllers/rooms/rooms.go:146.3,155.32 3 1
project-airbnb/delivery/controllers/rooms/rooms.go:158.3,172.41 3 1
project-airbnb/delivery/controllers/rooms/rooms.go:133.17,135.4 1 1
project-airbnb/delivery/controllers/rooms/rooms.go:142.45,144.4 1 1
project-airbnb/delivery/controllers/rooms/rooms.go:155.32,157.4 1 1
project-airbnb/delivery/controllers/rooms/rooms.go:176.56,177.36 1 1
project-airbnb/delivery/controllers/rooms/rooms.go:177.36,179.17 2 1
project-airbnb/delivery/controllers/rooms/rooms.go:182.3,186.32 5 1
project-airbnb/delivery/controllers/rooms/rooms.go:189.3,203.41 3 1
project-airbnb/delivery/controllers/rooms/rooms.go:179.17,181.4 1 1
project-airbnb/delivery/controllers/rooms/rooms.go:186.32,188.4 1 1
