mode: set
project-airbnb/delivery/controllers/books/books.go:19.71,21.2 1 1
project-airbnb/delivery/controllers/books/books.go:23.53,24.36 1 1
project-airbnb/delivery/controllers/books/books.go:24.36,30.46 5 1
project-airbnb/delivery/controllers/books/books.go:33.3,33.96 1 1
project-airbnb/delivery/controllers/books/books.go:30.46,32.4 1 1
project-airbnb/delivery/controllers/books/books.go:33.96,35.4 1 1
project-airbnb/delivery/controllers/books/books.go:35.9,42.4 2 1
project-airbnb/delivery/controllers/books/books.go:46.54,47.36 1 1
project-airbnb/delivery/controllers/books/books.go:47.36,52.77 4 1
project-airbnb/delivery/controllers/books/books.go:52.77,54.4 1 1
project-airbnb/delivery/controllers/books/books.go:54.9,61.4 2 1
project-airbnb/delivery/controllers/books/books.go:65.56,66.36 1 1
project-airbnb/delivery/controllers/books/books.go:66.36,72.45 5 1
project-airbnb/delivery/controllers/books/books.go:75.3,78.120 3 1
project-airbnb/delivery/controllers/books/books.go:72.45,74.4 1 1
project-airbnb/delivery/controllers/books/books.go:78.120,80.4 1 1
project-airbnb/delivery/controllers/books/books.go:80.9,93.73 3 1
project-airbnb/delivery/controllers/books/books.go:96.4,96.43 1 1
project-airbnb/delivery/controllers/books/books.go:93.73,95.5 1 1
