mode: set
project-airbnb/delivery/controllers/books/books.go:20.71,22.2 1 1
project-airbnb/delivery/controllers/books/books.go:24.53,25.36 1 1
project-airbnb/delivery/controllers/books/books.go:25.36,31.46 5 1
project-airbnb/delivery/controllers/books/books.go:34.3,34.96 1 1
project-airbnb/delivery/controllers/books/books.go:31.46,33.4 1 1
project-airbnb/delivery/controllers/books/books.go:34.96,36.4 1 1
project-airbnb/delivery/controllers/books/books.go:36.9,43.4 2 1
project-airbnb/delivery/controllers/books/books.go:47.54,48.36 1 1
project-airbnb/delivery/controllers/books/books.go:48.36,53.77 4 1
project-airbnb/delivery/controllers/books/books.go:53.77,55.4 1 1
project-airbnb/delivery/controllers/books/books.go:55.9,62.4 2 1
project-airbnb/delivery/controllers/books/books.go:66.56,67.36 1 1
project-airbnb/delivery/controllers/books/books.go:67.36,73.45 5 1
project-airbnb/delivery/controllers/books/books.go:76.3,79.123 3 1
project-airbnb/delivery/controllers/books/books.go:73.45,75.4 1 1
project-airbnb/delivery/controllers/books/books.go:79.123,81.4 1 1
project-airbnb/delivery/controllers/books/books.go:81.9,94.73 3 1
project-airbnb/delivery/controllers/books/books.go:97.4,97.43 1 1
project-airbnb/delivery/controllers/books/books.go:94.73,96.5 1 1
project-airbnb/delivery/controllers/books/books.go:103.56,104.36 1 1
project-airbnb/delivery/controllers/books/books.go:104.36,110.49 5 1
project-airbnb/delivery/controllers/books/books.go:114.3,119.149 4 1
project-airbnb/delivery/controllers/books/books.go:110.49,112.4 1 1
project-airbnb/delivery/controllers/books/books.go:119.149,121.4 1 1
project-airbnb/delivery/controllers/books/books.go:121.9,128.4 2 1
