mode: set
project-airbnb/repository/transactions/transactions.go:16.63,18.2 1 1
project-airbnb/repository/transactions/transactions.go:20.109,23.2 2 1
project-airbnb/repository/transactions/transactions.go:25.85,32.2 6 1
project-airbnb/repository/transactions/transactions.go:34.84,40.2 5 1
project-airbnb/repository/transactions/transactions.go:42.98,49.28 5 1
project-airbnb/repository/transactions/transactions.go:110.2,110.31 1 1
project-airbnb/repository/transactions/transactions.go:49.28,55.25 4 1
project-airbnb/repository/transactions/transactions.go:55.25,60.4 2 1
project-airbnb/repository/transactions/transactions.go:61.8,62.32 1 1
project-airbnb/repository/transactions/transactions.go:62.32,71.39 7 1
project-airbnb/repository/transactions/transactions.go:71.39,78.5 4 1
project-airbnb/repository/transactions/transactions.go:78.10,87.5 5 1
project-airbnb/repository/transactions/transactions.go:89.9,107.4 11 1
