mode: set
project-airbnb/repository/transactions/transactions.go:15.63,17.2 1 1
project-airbnb/repository/transactions/transactions.go:19.85,25.2 5 1
project-airbnb/repository/transactions/transactions.go:27.84,33.2 5 1
project-airbnb/repository/transactions/transactions.go:35.98,40.28 4 1
project-airbnb/repository/transactions/transactions.go:71.2,71.31 1 1
project-airbnb/repository/transactions/transactions.go:40.28,46.3 3 1
project-airbnb/repository/transactions/transactions.go:46.8,69.3 10 1
