mode: set
project-airbnb/delivery/controllers/transactions/transactions.go:18.99,20.2 1 1
project-airbnb/delivery/controllers/transactions/transactions.go:22.61,23.36 1 1
project-airbnb/delivery/controllers/transactions/transactions.go:23.36,28.77 4 1
project-airbnb/delivery/controllers/transactions/transactions.go:28.77,30.4 1 1
project-airbnb/delivery/controllers/transactions/transactions.go:30.9,36.4 1 1
project-airbnb/delivery/controllers/transactions/transactions.go:39.60,40.36 1 1
project-airbnb/delivery/controllers/transactions/transactions.go:40.36,45.76 4 1
project-airbnb/delivery/controllers/transactions/transactions.go:45.76,47.4 1 1
project-airbnb/delivery/controllers/transactions/transactions.go:47.9,53.4 1 1
project-airbnb/delivery/controllers/transactions/transactions.go:58.63,59.36 1 1
project-airbnb/delivery/controllers/transactions/transactions.go:59.36,62.45 2 1
project-airbnb/delivery/controllers/transactions/transactions.go:66.3,66.104 1 1
project-airbnb/delivery/controllers/transactions/transactions.go:62.45,64.4 1 1
project-airbnb/delivery/controllers/transactions/transactions.go:66.104,68.4 1 1
project-airbnb/delivery/controllers/transactions/transactions.go:68.9,75.4 2 1
project-airbnb/delivery/controllers/transactions/transactions.go:79.71,80.36 1 1
project-airbnb/delivery/controllers/transactions/transactions.go:80.36,83.54 2 1
project-airbnb/delivery/controllers/transactions/transactions.go:86.3,88.131 3 1
project-airbnb/delivery/controllers/transactions/transactions.go:83.54,85.4 1 1
project-airbnb/delivery/controllers/transactions/transactions.go:88.131,90.4 1 1
project-airbnb/delivery/controllers/transactions/transactions.go:90.9,92.4 1 1
