mode: set
project-airbnb/repository/users/users.go:13.48,15.2 1 1
project-airbnb/repository/users/users.go:17.59,20.49 2 1
project-airbnb/repository/users/users.go:23.2,23.19 1 1
project-airbnb/repository/users/users.go:20.49,22.3 1 1
project-airbnb/repository/users/users.go:25.84,28.100 2 1
project-airbnb/repository/users/users.go:32.2,32.18 1 1
project-airbnb/repository/users/users.go:28.100,30.3 1 1
project-airbnb/repository/users/users.go:34.82,37.16 2 1
project-airbnb/repository/users/users.go:40.2,40.21 1 1
project-airbnb/repository/users/users.go:37.16,39.3 1 1
project-airbnb/repository/users/users.go:42.69,44.65 2 1
project-airbnb/repository/users/users.go:47.2,49.18 2 1
project-airbnb/repository/users/users.go:44.65,46.3 1 1
project-airbnb/repository/users/users.go:51.92,53.65 2 1
project-airbnb/repository/users/users.go:57.2,59.18 2 1
project-airbnb/repository/users/users.go:53.65,55.3 1 1
project-airbnb/repository/users/users.go:61.66,63.57 2 1
project-airbnb/repository/users/users.go:66.2,66.18 1 1
project-airbnb/repository/users/users.go:63.57,65.3 1 1
