mode: set
project-airbnb/delivery/controllers/users/users.go:20.71,22.2 1 1
project-airbnb/delivery/controllers/users/users.go:23.63,24.36 1 1
project-airbnb/delivery/controllers/users/users.go:24.36,26.46 2 1
project-airbnb/delivery/controllers/users/users.go:30.3,33.44 4 1
project-airbnb/delivery/controllers/users/users.go:37.3,43.5 2 1
project-airbnb/delivery/controllers/users/users.go:26.46,28.4 1 1
project-airbnb/delivery/controllers/users/users.go:33.44,35.4 1 1
project-airbnb/delivery/controllers/users/users.go:47.66,49.36 1 1
project-airbnb/delivery/controllers/users/users.go:49.36,51.45 2 1
project-airbnb/delivery/controllers/users/users.go:55.3,63.17 5 1
project-airbnb/delivery/controllers/users/users.go:66.3,77.41 3 1
project-airbnb/delivery/controllers/users/users.go:51.45,53.4 1 1
project-airbnb/delivery/controllers/users/users.go:63.17,65.4 1 1
project-airbnb/delivery/controllers/users/users.go:80.65,81.36 1 1
project-airbnb/delivery/controllers/users/users.go:81.36,86.17 5 1
project-airbnb/delivery/controllers/users/users.go:89.3,100.41 3 1
project-airbnb/delivery/controllers/users/users.go:86.17,88.4 1 1
project-airbnb/delivery/controllers/users/users.go:103.62,105.36 1 1
project-airbnb/delivery/controllers/users/users.go:105.36,106.50 1 1
project-airbnb/delivery/controllers/users/users.go:106.50,108.4 1 1
project-airbnb/delivery/controllers/users/users.go:108.9,110.31 2 1
project-airbnb/delivery/controllers/users/users.go:119.4,124.42 2 1
project-airbnb/delivery/controllers/users/users.go:110.31,118.5 1 1
project-airbnb/delivery/controllers/users/users.go:129.64,131.36 1 1
project-airbnb/delivery/controllers/users/users.go:131.36,136.17 5 1
project-airbnb/delivery/controllers/users/users.go:139.3,150.41 3 1
project-airbnb/delivery/controllers/users/users.go:136.17,138.4 1 1
project-airbnb/delivery/controllers/users/users.go:153.64,155.36 1 1
project-airbnb/delivery/controllers/users/users.go:155.36,160.48 5 1
project-airbnb/delivery/controllers/users/users.go:164.3,172.17 5 1
project-airbnb/delivery/controllers/users/users.go:175.3,186.41 3 1
project-airbnb/delivery/controllers/users/users.go:160.48,162.4 1 1
project-airbnb/delivery/controllers/users/users.go:172.17,174.4 1 1
project-airbnb/delivery/controllers/users/users.go:189.47,196.2 6 1
